

Started GET "/" for 127.0.0.1 at Mon Apr 25 00:10:46 -0400 2011

ActionController::RoutingError (uninitialized constant WelcomeController):
  

Rendered /var/lib/gems/1.8/gems/actionpack-3.0.7/lib/action_dispatch/middleware/templates/rescues/routing_error.erb within rescues/layout (0.5ms)


Started GET "/" for 127.0.0.1 at Mon Apr 25 00:11:20 -0400 2011
  Processing by HomeController#index as HTML
Rendered home/index.html.erb within layouts/application (1.5ms)
Completed 200 OK in 6ms (Views: 5.3ms | ActiveRecord: 0.0ms)


Started GET "/" for 127.0.0.1 at Mon Apr 25 00:26:51 -0400 2011
  Processing by HomeController#index as HTML
Rendered home/index.html.erb within layouts/application (1.2ms)
Completed 200 OK in 4ms (Views: 3.6ms | ActiveRecord: 0.0ms)


Started GET "/" for 127.0.0.1 at Mon Apr 25 00:29:03 -0400 2011
  Processing by HomeController#index as HTML
Completed   in 1ms

NameError (uninitialized constant HomeController::HelloReport):
  app/controllers/home_controller.rb:3:in `index'

Rendered /var/lib/gems/1.8/gems/actionpack-3.0.7/lib/action_dispatch/middleware/templates/rescues/_trace.erb (0.7ms)
Rendered /var/lib/gems/1.8/gems/actionpack-3.0.7/lib/action_dispatch/middleware/templates/rescues/_request_and_response.erb (42.0ms)
Rendered /var/lib/gems/1.8/gems/actionpack-3.0.7/lib/action_dispatch/middleware/templates/rescues/diagnostics.erb within rescues/layout (45.2ms)


Started GET "/" for 127.0.0.1 at Mon Apr 25 00:30:10 -0400 2011
  Processing by HomeController#index as HTML
Completed   in 2ms

NameError (uninitialized constant HomeController::BSReport):
  app/controllers/home_controller.rb:3:in `index'

Rendered /var/lib/gems/1.8/gems/actionpack-3.0.7/lib/action_dispatch/middleware/templates/rescues/_trace.erb (0.8ms)
Rendered /var/lib/gems/1.8/gems/actionpack-3.0.7/lib/action_dispatch/middleware/templates/rescues/_request_and_response.erb (3.1ms)
Rendered /var/lib/gems/1.8/gems/actionpack-3.0.7/lib/action_dispatch/middleware/templates/rescues/diagnostics.erb within rescues/layout (6.2ms)


Started GET "/" for 127.0.0.1 at Mon Apr 25 00:32:15 -0400 2011

LoadError (Expected /home/jacob/Development/bsgenerator/app/controllers/home_controller.rb to define HomeController):
  

Rendered /var/lib/gems/1.8/gems/actionpack-3.0.7/lib/action_dispatch/middleware/templates/rescues/_trace.erb (0.8ms)
Rendered /var/lib/gems/1.8/gems/actionpack-3.0.7/lib/action_dispatch/middleware/templates/rescues/_request_and_response.erb (1.3ms)
Rendered /var/lib/gems/1.8/gems/actionpack-3.0.7/lib/action_dispatch/middleware/templates/rescues/diagnostics.erb within rescues/layout (4.5ms)


Started GET "/bsreport" for 127.0.0.1 at Mon Apr 25 00:32:23 -0400 2011

ActionController::RoutingError (No route matches "/bsreport"):
  

Rendered /var/lib/gems/1.8/gems/actionpack-3.0.7/lib/action_dispatch/middleware/templates/rescues/routing_error.erb within rescues/layout (0.5ms)


Started GET "/bscontroller" for 127.0.0.1 at Mon Apr 25 00:32:30 -0400 2011

ActionController::RoutingError (No route matches "/bscontroller"):
  

Rendered /var/lib/gems/1.8/gems/actionpack-3.0.7/lib/action_dispatch/middleware/templates/rescues/routing_error.erb within rescues/layout (0.6ms)


Started GET "/bs" for 127.0.0.1 at Mon Apr 25 00:32:33 -0400 2011

ActionController::RoutingError (No route matches "/bs"):
  

Rendered /var/lib/gems/1.8/gems/actionpack-3.0.7/lib/action_dispatch/middleware/templates/rescues/routing_error.erb within rescues/layout (0.6ms)


Started GET "/bs" for 127.0.0.1 at Mon Apr 25 00:32:35 -0400 2011

ActionController::RoutingError (No route matches "/bs"):
  

Rendered /var/lib/gems/1.8/gems/actionpack-3.0.7/lib/action_dispatch/middleware/templates/rescues/routing_error.erb within rescues/layout (0.6ms)


Started GET "/" for 127.0.0.1 at Mon Apr 25 00:32:36 -0400 2011

LoadError (Expected /home/jacob/Development/bsgenerator/app/controllers/home_controller.rb to define HomeController):
  

Rendered /var/lib/gems/1.8/gems/actionpack-3.0.7/lib/action_dispatch/middleware/templates/rescues/_trace.erb (0.8ms)
Rendered /var/lib/gems/1.8/gems/actionpack-3.0.7/lib/action_dispatch/middleware/templates/rescues/_request_and_response.erb (1.3ms)
Rendered /var/lib/gems/1.8/gems/actionpack-3.0.7/lib/action_dispatch/middleware/templates/rescues/diagnostics.erb within rescues/layout (4.6ms)


Started GET "/" for 127.0.0.1 at Mon Apr 25 00:33:06 -0400 2011

LoadError (Expected /home/jacob/Development/bsgenerator/app/controllers/home_controller.rb to define HomeController):
  

Rendered /var/lib/gems/1.8/gems/actionpack-3.0.7/lib/action_dispatch/middleware/templates/rescues/_trace.erb (0.7ms)
Rendered /var/lib/gems/1.8/gems/actionpack-3.0.7/lib/action_dispatch/middleware/templates/rescues/_request_and_response.erb (1.4ms)
Rendered /var/lib/gems/1.8/gems/actionpack-3.0.7/lib/action_dispatch/middleware/templates/rescues/diagnostics.erb within rescues/layout (4.6ms)


Started GET "/" for 127.0.0.1 at Mon Apr 25 00:33:33 -0400 2011

ActionController::RoutingError (uninitialized constant HomeController):
  

Rendered /var/lib/gems/1.8/gems/actionpack-3.0.7/lib/action_dispatch/middleware/templates/rescues/routing_error.erb within rescues/layout (0.5ms)


Started GET "/" for 127.0.0.1 at Mon Apr 25 00:33:58 -0400 2011
  Processing by HomeController#index as HTML
Completed   in 2ms

NameError (uninitialized constant HomeController::BSReport):
  app/controllers/home_controller.rb:3:in `index'

Rendered /var/lib/gems/1.8/gems/actionpack-3.0.7/lib/action_dispatch/middleware/templates/rescues/_trace.erb (0.8ms)
Rendered /var/lib/gems/1.8/gems/actionpack-3.0.7/lib/action_dispatch/middleware/templates/rescues/_request_and_response.erb (3.0ms)
Rendered /var/lib/gems/1.8/gems/actionpack-3.0.7/lib/action_dispatch/middleware/templates/rescues/diagnostics.erb within rescues/layout (6.1ms)


Started GET "/" for 127.0.0.1 at Mon Apr 25 00:34:55 -0400 2011
  Processing by HomeController#index as HTML
Completed   in 1ms

NameError (uninitialized constant HomeController::HomeReport):
  app/controllers/home_controller.rb:3:in `index'

Rendered /var/lib/gems/1.8/gems/actionpack-3.0.7/lib/action_dispatch/middleware/templates/rescues/_trace.erb (0.7ms)
Rendered /var/lib/gems/1.8/gems/actionpack-3.0.7/lib/action_dispatch/middleware/templates/rescues/_request_and_response.erb (3.0ms)
Rendered /var/lib/gems/1.8/gems/actionpack-3.0.7/lib/action_dispatch/middleware/templates/rescues/diagnostics.erb within rescues/layout (5.9ms)


Started GET "/" for 127.0.0.1 at Mon Apr 25 00:35:47 -0400 2011
  Processing by HomeController#index as HTML
Rendered home/index.html.erb within layouts/application (1.1ms)
Completed 200 OK in 4ms (Views: 3.4ms | ActiveRecord: 0.0ms)


Started GET "/bscontroller" for 127.0.0.1 at Mon Apr 25 00:36:01 -0400 2011

ActionController::RoutingError (No route matches "/bscontroller"):
  

Rendered /var/lib/gems/1.8/gems/actionpack-3.0.7/lib/action_dispatch/middleware/templates/rescues/routing_error.erb within rescues/layout (0.6ms)


Started GET "/bs" for 127.0.0.1 at Mon Apr 25 00:36:05 -0400 2011

ActionController::RoutingError (No route matches "/bs"):
  

Rendered /var/lib/gems/1.8/gems/actionpack-3.0.7/lib/action_dispatch/middleware/templates/rescues/routing_error.erb within rescues/layout (0.6ms)


Started GET "/index2" for 127.0.0.1 at Mon Apr 25 00:37:02 -0400 2011

ActionController::RoutingError (No route matches "/index2"):
  

Rendered /var/lib/gems/1.8/gems/actionpack-3.0.7/lib/action_dispatch/middleware/templates/rescues/routing_error.erb within rescues/layout (0.5ms)


Started GET "/bsgenerator" for 127.0.0.1 at Mon Apr 25 00:44:16 -0400 2011

ActionController::RoutingError (No route matches "/bsgenerator"):
  

Rendered /var/lib/gems/1.8/gems/actionpack-3.0.7/lib/action_dispatch/middleware/templates/rescues/routing_error.erb within rescues/layout (0.5ms)


Started GET "/bsgenerator/get_pdf" for 127.0.0.1 at Mon Apr 25 00:44:26 -0400 2011

ActionController::RoutingError (No route matches "/bsgenerator/get_pdf"):
  

Rendered /var/lib/gems/1.8/gems/actionpack-3.0.7/lib/action_dispatch/middleware/templates/rescues/routing_error.erb within rescues/layout (0.5ms)


Started GET "/bsgenerator/get_pdf.html" for 127.0.0.1 at Mon Apr 25 00:44:49 -0400 2011

ActionController::RoutingError (No route matches "/bsgenerator/get_pdf.html"):
  

Rendered /var/lib/gems/1.8/gems/actionpack-3.0.7/lib/action_dispatch/middleware/templates/rescues/routing_error.erb within rescues/layout (0.5ms)


Started GET "/bsgenerator/get_pdf.html.erb" for 127.0.0.1 at Mon Apr 25 00:44:56 -0400 2011

ActionController::RoutingError (No route matches "/bsgenerator/get_pdf.html.erb"):
  

Rendered /var/lib/gems/1.8/gems/actionpack-3.0.7/lib/action_dispatch/middleware/templates/rescues/routing_error.erb within rescues/layout (0.5ms)


Started GET "/bs_generator/get_pdf.html.erb" for 127.0.0.1 at Mon Apr 25 00:45:23 -0400 2011

ActionController::RoutingError (No route matches "/bs_generator/get_pdf.html.erb"):
  

Rendered /var/lib/gems/1.8/gems/actionpack-3.0.7/lib/action_dispatch/middleware/templates/rescues/routing_error.erb within rescues/layout (0.5ms)


Started GET "/bs_generator/get_pdf" for 127.0.0.1 at Mon Apr 25 00:45:25 -0400 2011
  Processing by BsGeneratorController#get_pdf as HTML
Rendered bs_generator/get_pdf.html.erb within layouts/application (1.2ms)
Completed 200 OK in 4ms (Views: 3.7ms | ActiveRecord: 0.0ms)


Started GET "/bs_generator/get_pdf" for 127.0.0.1 at Mon Apr 25 00:49:13 -0400 2011
  Processing by BsGeneratorController#get_pdf as HTML
Completed   in 2ms

NameError (uninitialized constant BsGeneratorController::HelloReport):
  app/controllers/bs_generator_controller.rb:3:in `get_pdf'

Rendered /var/lib/gems/1.8/gems/actionpack-3.0.7/lib/action_dispatch/middleware/templates/rescues/_trace.erb (0.8ms)
Rendered /var/lib/gems/1.8/gems/actionpack-3.0.7/lib/action_dispatch/middleware/templates/rescues/_request_and_response.erb (3.1ms)
Rendered /var/lib/gems/1.8/gems/actionpack-3.0.7/lib/action_dispatch/middleware/templates/rescues/diagnostics.erb within rescues/layout (6.3ms)


Started GET "/bs_generator/get_pdf" for 127.0.0.1 at Mon Apr 25 00:49:29 -0400 2011
  Processing by BsGeneratorController#get_pdf as HTML
Completed   in 1ms

NoMethodError (undefined method `text' for #<BsGeneratorController:0x7f72d3919360>):
  app/controllers/bs_generator_controller.rb:14:in `make_pdf'
  app/controllers/bs_generator_controller.rb:3:in `get_pdf'

Rendered /var/lib/gems/1.8/gems/actionpack-3.0.7/lib/action_dispatch/middleware/templates/rescues/_trace.erb (0.7ms)
Rendered /var/lib/gems/1.8/gems/actionpack-3.0.7/lib/action_dispatch/middleware/templates/rescues/_request_and_response.erb (3.2ms)
Rendered /var/lib/gems/1.8/gems/actionpack-3.0.7/lib/action_dispatch/middleware/templates/rescues/diagnostics.erb within rescues/layout (6.3ms)


Started GET "/bs_generator/get_pdf" for 127.0.0.1 at Mon Apr 25 00:50:49 -0400 2011
  Processing by BsGeneratorController#get_pdf as HTML
Completed   in 88ms

NoMethodError (undefined method `to_sym' for PDF:Module):
  app/controllers/bs_generator_controller.rb:6:in `get_pdf'
  app/controllers/bs_generator_controller.rb:5:in `get_pdf'

Rendered /var/lib/gems/1.8/gems/actionpack-3.0.7/lib/action_dispatch/middleware/templates/rescues/_trace.erb (0.8ms)
Rendered /var/lib/gems/1.8/gems/actionpack-3.0.7/lib/action_dispatch/middleware/templates/rescues/_request_and_response.erb (3.4ms)
Rendered /var/lib/gems/1.8/gems/actionpack-3.0.7/lib/action_dispatch/middleware/templates/rescues/diagnostics.erb within rescues/layout (6.6ms)


Started GET "/bs_generator/get_pdf" for 127.0.0.1 at Mon Apr 25 00:50:51 -0400 2011
  Processing by BsGeneratorController#get_pdf as HTML
Completed   in 89ms

NoMethodError (undefined method `to_sym' for PDF:Module):
  app/controllers/bs_generator_controller.rb:6:in `get_pdf'
  app/controllers/bs_generator_controller.rb:5:in `get_pdf'

Rendered /var/lib/gems/1.8/gems/actionpack-3.0.7/lib/action_dispatch/middleware/templates/rescues/_trace.erb (0.7ms)
Rendered /var/lib/gems/1.8/gems/actionpack-3.0.7/lib/action_dispatch/middleware/templates/rescues/_request_and_response.erb (2.9ms)
Rendered /var/lib/gems/1.8/gems/actionpack-3.0.7/lib/action_dispatch/middleware/templates/rescues/diagnostics.erb within rescues/layout (6.1ms)


Started GET "/bs_generator/get_pdf" for 127.0.0.1 at Mon Apr 25 00:52:14 -0400 2011
  Processing by BsGeneratorController#get_pdf as HTML
Completed 406 Not Acceptable in 87ms


Started GET "/bs_generator/get_pdf" for 127.0.0.1 at Mon Apr 25 00:52:17 -0400 2011
  Processing by BsGeneratorController#get_pdf as HTML
Completed 406 Not Acceptable in 90ms


Started GET "/bs_generator/get_pdf" for 127.0.0.1 at Mon Apr 25 00:52:27 -0400 2011
  Processing by BsGeneratorController#get_pdf as HTML
Completed 406 Not Acceptable in 88ms


Started GET "/bs_generator/get_pdf" for 127.0.0.1 at Mon Apr 25 00:52:42 -0400 2011
  Processing by BsGeneratorController#get_pdf as HTML
Completed 406 Not Acceptable in 87ms


Started GET "/bs_generator/get_pdf" for 127.0.0.1 at Mon Apr 25 00:52:43 -0400 2011
  Processing by BsGeneratorController#get_pdf as HTML
Completed 406 Not Acceptable in 91ms


Started GET "/bs_generator/get_pdf" for 127.0.0.1 at Mon Apr 25 00:53:03 -0400 2011
  Processing by BsGeneratorController#get_pdf as HTML
Completed 406 Not Acceptable in 89ms


Started GET "/bs_generator/get_pdf" for 127.0.0.1 at Mon Apr 25 00:53:08 -0400 2011
  Processing by BsGeneratorController#get_pdf as HTML
Completed 406 Not Acceptable in 87ms


Started GET "/bs_generator/get_pdf.pdf" for 127.0.0.1 at Mon Apr 25 00:55:33 -0400 2011
  Processing by BsGeneratorController#get_pdf as PDF
Completed   in 145ms

ActionView::MissingTemplate (Missing template bs_generator/get_pdf with {:locale=>[:en, :en], :handlers=>[:rxml, :erb, :rjs, :rhtml, :builder], :formats=>[:pdf]} in view paths "/home/jacob/Development/bsgenerator/app/views"):
  app/controllers/bs_generator_controller.rb:6:in `get_pdf'

Rendered /var/lib/gems/1.8/gems/actionpack-3.0.7/lib/action_dispatch/middleware/templates/rescues/missing_template.erb within rescues/layout (0.5ms)


Started GET "/bs_generator/get_pdf.pdf" for 127.0.0.1 at Mon Apr 25 00:57:56 -0400 2011
  Processing by BsGeneratorController#get_pdf as PDF
Completed   in 92ms

ActionView::MissingTemplate (Missing template bs_generator/get_pdf with {:locale=>[:en, :en], :handlers=>[:rxml, :erb, :rjs, :rhtml, :builder], :formats=>[:pdf]} in view paths "/home/jacob/Development/bsgenerator/app/views"):
  app/controllers/bs_generator_controller.rb:6:in `get_pdf'

Rendered /var/lib/gems/1.8/gems/actionpack-3.0.7/lib/action_dispatch/middleware/templates/rescues/missing_template.erb within rescues/layout (0.5ms)


Started GET "/bs_generator/get_pdf.pdf" for 127.0.0.1 at Mon Apr 25 00:57:58 -0400 2011
  Processing by BsGeneratorController#get_pdf as PDF
Completed   in 135ms

ActionView::MissingTemplate (Missing template bs_generator/get_pdf with {:locale=>[:en, :en], :handlers=>[:rxml, :erb, :rjs, :rhtml, :builder], :formats=>[:pdf]} in view paths "/home/jacob/Development/bsgenerator/app/views"):
  app/controllers/bs_generator_controller.rb:6:in `get_pdf'

Rendered /var/lib/gems/1.8/gems/actionpack-3.0.7/lib/action_dispatch/middleware/templates/rescues/missing_template.erb within rescues/layout (0.5ms)


Started GET "/bs_generator/get_pdf" for 127.0.0.1 at Mon Apr 25 00:59:42 -0400 2011
  Processing by BsGeneratorController#get_pdf as HTML
Completed 406 Not Acceptable in 91ms


Started GET "/bs_generator/get_pdf.pdf" for 127.0.0.1 at Mon Apr 25 00:59:45 -0400 2011
  Processing by BsGeneratorController#get_pdf as PDF
Completed   in 90ms

ActionView::MissingTemplate (Missing template bs_generator/get_pdf with {:locale=>[:en, :en], :handlers=>[:rxml, :erb, :rjs, :rhtml, :builder], :formats=>[:pdf]} in view paths "/home/jacob/Development/bsgenerator/app/views"):
  app/controllers/bs_generator_controller.rb:6:in `get_pdf'

Rendered /var/lib/gems/1.8/gems/actionpack-3.0.7/lib/action_dispatch/middleware/templates/rescues/missing_template.erb within rescues/layout (0.4ms)


Started GET "/bs_generator/get_pdf.pdf" for 127.0.0.1 at Mon Apr 25 01:00:52 -0400 2011
  Processing by BsGeneratorController#get_pdf as PDF
Completed   in 152ms

ActionView::MissingTemplate (Missing template bs_generator/get_pdf with {:locale=>[:en, :en], :handlers=>[:rxml, :erb, :rjs, :rhtml, :builder], :formats=>[:pdf]} in view paths "/home/jacob/Development/bsgenerator/app/views"):
  app/controllers/bs_generator_controller.rb:6:in `get_pdf'

Rendered /var/lib/gems/1.8/gems/actionpack-3.0.7/lib/action_dispatch/middleware/templates/rescues/missing_template.erb within rescues/layout (0.4ms)


Started GET "/bs_generator/get_pdf.pdf" for 127.0.0.1 at Mon Apr 25 01:08:20 -0400 2011

LoadError (Expected /home/jacob/Development/bsgenerator/app/controllers/bs_generator_controller.rb to define BsGeneratorController):
  

Rendered /var/lib/gems/1.8/gems/actionpack-3.0.7/lib/action_dispatch/middleware/templates/rescues/_trace.erb (0.8ms)
Rendered /var/lib/gems/1.8/gems/actionpack-3.0.7/lib/action_dispatch/middleware/templates/rescues/_request_and_response.erb (1.4ms)
Rendered /var/lib/gems/1.8/gems/actionpack-3.0.7/lib/action_dispatch/middleware/templates/rescues/diagnostics.erb within rescues/layout (4.6ms)


Started GET "/bs_generator/get_pdf.pdf" for 127.0.0.1 at Mon Apr 25 01:09:21 -0400 2011
  Processing by BsGeneratorController#get_pdf as PDF
Completed   in 1ms

NameError (undefined local variable or method `filename' for #<BsGeneratorController:0x7f72d36b8ff8>):
  app/controllers/bs_generator_controller.rb:107:in `get_pdf'

Rendered /var/lib/gems/1.8/gems/actionpack-3.0.7/lib/action_dispatch/middleware/templates/rescues/_trace.erb (0.7ms)
Rendered /var/lib/gems/1.8/gems/actionpack-3.0.7/lib/action_dispatch/middleware/templates/rescues/_request_and_response.erb (2.9ms)
Rendered /var/lib/gems/1.8/gems/actionpack-3.0.7/lib/action_dispatch/middleware/templates/rescues/diagnostics.erb within rescues/layout (5.9ms)


Started GET "/bs_generator/get_pdf.pdf" for 127.0.0.1 at Mon Apr 25 01:09:50 -0400 2011
  Processing by BsGeneratorController#get_pdf as PDF
Completed   in 243ms

ActionView::MissingTemplate (Missing template bs_generator/get_pdf with {:locale=>[:en, :en], :handlers=>[:rxml, :erb, :rjs, :rhtml, :builder], :formats=>[:pdf]} in view paths "/home/jacob/Development/bsgenerator/app/views"):
  app/controllers/bs_generator_controller.rb:117:in `get_pdf'

Rendered /var/lib/gems/1.8/gems/actionpack-3.0.7/lib/action_dispatch/middleware/templates/rescues/missing_template.erb within rescues/layout (0.4ms)


Started GET "/bs_generator/get_pdf.pdf" for 127.0.0.1 at Mon Apr 25 01:16:43 -0400 2011
  Processing by BsGeneratorController#get_pdf as PDF
Completed   in 234ms

NoMethodError (undefined method `capitalize' for 3:Fixnum):
  app/controllers/bs_generator_controller.rb:78:in `printBulletPoints'
  app/controllers/bs_generator_controller.rb:77:in `each'
  app/controllers/bs_generator_controller.rb:77:in `printBulletPoints'
  app/controllers/bs_generator_controller.rb:111:in `get_pdf'
  app/controllers/bs_generator_controller.rb:107:in `get_pdf'

Rendered /var/lib/gems/1.8/gems/actionpack-3.0.7/lib/action_dispatch/middleware/templates/rescues/_trace.erb (0.7ms)
Rendered /var/lib/gems/1.8/gems/actionpack-3.0.7/lib/action_dispatch/middleware/templates/rescues/_request_and_response.erb (3.2ms)
Rendered /var/lib/gems/1.8/gems/actionpack-3.0.7/lib/action_dispatch/middleware/templates/rescues/diagnostics.erb within rescues/layout (6.3ms)


Started GET "/bs_generator/get_pdf.pdf" for 127.0.0.1 at Mon Apr 25 01:17:02 -0400 2011
  Processing by BsGeneratorController#get_pdf as PDF
Completed   in 256ms

ActionView::MissingTemplate (Missing template bs_generator/get_pdf with {:locale=>[:en, :en], :handlers=>[:rxml, :erb, :rjs, :rhtml, :builder], :formats=>[:pdf]} in view paths "/home/jacob/Development/bsgenerator/app/views"):
  app/controllers/bs_generator_controller.rb:117:in `get_pdf'

Rendered /var/lib/gems/1.8/gems/actionpack-3.0.7/lib/action_dispatch/middleware/templates/rescues/missing_template.erb within rescues/layout (0.4ms)


Started GET "/bs_generator/get_pdf.pdf" for 127.0.0.1 at Mon Apr 25 01:17:05 -0400 2011
  Processing by BsGeneratorController#get_pdf as PDF
Completed   in 249ms

ActionView::MissingTemplate (Missing template bs_generator/get_pdf with {:locale=>[:en, :en], :handlers=>[:rxml, :erb, :rjs, :rhtml, :builder], :formats=>[:pdf]} in view paths "/home/jacob/Development/bsgenerator/app/views"):
  app/controllers/bs_generator_controller.rb:117:in `get_pdf'

Rendered /var/lib/gems/1.8/gems/actionpack-3.0.7/lib/action_dispatch/middleware/templates/rescues/missing_template.erb within rescues/layout (0.5ms)


Started GET "/bs_generator/get_pdf" for 127.0.0.1 at Mon Apr 25 01:17:28 -0400 2011
  Processing by BsGeneratorController#get_pdf as HTML
Completed 406 Not Acceptable in 194ms


Started GET "/bs_generator/get_pdf.pdf" for 127.0.0.1 at Mon Apr 25 01:17:30 -0400 2011
  Processing by BsGeneratorController#get_pdf as PDF
Completed   in 251ms

ActionView::MissingTemplate (Missing template bs_generator/get_pdf with {:locale=>[:en, :en], :handlers=>[:rxml, :erb, :rjs, :rhtml, :builder], :formats=>[:pdf]} in view paths "/home/jacob/Development/bsgenerator/app/views"):
  app/controllers/bs_generator_controller.rb:117:in `get_pdf'

Rendered /var/lib/gems/1.8/gems/actionpack-3.0.7/lib/action_dispatch/middleware/templates/rescues/missing_template.erb within rescues/layout (0.5ms)


Started GET "/bs_generator/show.pdf" for 127.0.0.1 at Mon Apr 25 01:17:37 -0400 2011

ActionController::RoutingError (No route matches "/bs_generator/show.pdf"):
  

Rendered /var/lib/gems/1.8/gems/actionpack-3.0.7/lib/action_dispatch/middleware/templates/rescues/routing_error.erb within rescues/layout (0.6ms)


Started GET "/bs_generator/show.pdf.prawn" for 127.0.0.1 at Mon Apr 25 01:17:40 -0400 2011

ActionController::RoutingError (No route matches "/bs_generator/show.pdf.prawn"):
  

Rendered /var/lib/gems/1.8/gems/actionpack-3.0.7/lib/action_dispatch/middleware/templates/rescues/routing_error.erb within rescues/layout (0.5ms)


Started GET "/bs_generator/get_pdf.pdf" for 127.0.0.1 at Mon Apr 25 01:17:48 -0400 2011
  Processing by BsGeneratorController#get_pdf as PDF
Completed   in 247ms

ActionView::MissingTemplate (Missing template bs_generator/get_pdf with {:locale=>[:en, :en], :handlers=>[:rxml, :erb, :rjs, :rhtml, :builder], :formats=>[:pdf]} in view paths "/home/jacob/Development/bsgenerator/app/views"):
  app/controllers/bs_generator_controller.rb:117:in `get_pdf'

Rendered /var/lib/gems/1.8/gems/actionpack-3.0.7/lib/action_dispatch/middleware/templates/rescues/missing_template.erb within rescues/layout (0.4ms)


Started GET "/bs_generator/get_pdf.pdf" for 127.0.0.1 at Mon Apr 25 01:19:41 -0400 2011

SyntaxError (/home/jacob/Development/bsgenerator/app/controllers/bs_generator_controller.rb:118: syntax error, unexpected kDO, expecting kEND
/home/jacob/Development/bsgenerator/app/controllers/bs_generator_controller.rb:124: syntax error, unexpected kEND, expecting $end):
  

Rendered /var/lib/gems/1.8/gems/actionpack-3.0.7/lib/action_dispatch/middleware/templates/rescues/_trace.erb (0.7ms)
Rendered /var/lib/gems/1.8/gems/actionpack-3.0.7/lib/action_dispatch/middleware/templates/rescues/_request_and_response.erb (1.4ms)
Rendered /var/lib/gems/1.8/gems/actionpack-3.0.7/lib/action_dispatch/middleware/templates/rescues/diagnostics.erb within rescues/layout (4.5ms)


Started GET "/bs_generator/get_pdf.pdf" for 127.0.0.1 at Mon Apr 25 01:20:29 -0400 2011
  Processing by BsGeneratorController#get_pdf as PDF
Completed   in 245ms

ActionView::MissingTemplate (Missing template bs_generator/get_pdf with {:locale=>[:en, :en], :handlers=>[:rxml, :erb, :rjs, :rhtml, :builder], :formats=>[:pdf]} in view paths "/home/jacob/Development/bsgenerator/app/views"):
  app/controllers/bs_generator_controller.rb:117:in `get_pdf'

Rendered /var/lib/gems/1.8/gems/actionpack-3.0.7/lib/action_dispatch/middleware/templates/rescues/missing_template.erb within rescues/layout (0.4ms)


Started GET "/bs_generator/get_pdf.pdf" for 127.0.0.1 at Mon Apr 25 01:21:48 -0400 2011
  Processing by BsGeneratorController#get_pdf as PDF
Completed   in 247ms

ActionView::MissingTemplate (Missing template bs_generator/get_pdf with {:locale=>[:en, :en], :handlers=>[:rxml, :erb, :rjs, :rhtml, :builder], :formats=>[:pdf]} in view paths "/home/jacob/Development/bsgenerator/app/views"):
  app/controllers/bs_generator_controller.rb:117:in `get_pdf'

Rendered /var/lib/gems/1.8/gems/actionpack-3.0.7/lib/action_dispatch/middleware/templates/rescues/missing_template.erb within rescues/layout (0.4ms)


Started GET "/bs_generator/get_pdf" for 127.0.0.1 at Mon Apr 25 01:21:50 -0400 2011
  Processing by BsGeneratorController#get_pdf as HTML
Rendered bs_generator/get_pdf.html.erb within layouts/application (1.3ms)
Completed 200 OK in 252ms (Views: 4.2ms | ActiveRecord: 0.0ms)


Started GET "/bs_generator/get_pdf.pdf" for 127.0.0.1 at Mon Apr 25 01:21:54 -0400 2011
  Processing by BsGeneratorController#get_pdf as PDF
Completed   in 236ms

NoMethodError (undefined method `capitalize' for 3:Fixnum):
  app/controllers/bs_generator_controller.rb:78:in `printBulletPoints'
  app/controllers/bs_generator_controller.rb:77:in `each'
  app/controllers/bs_generator_controller.rb:77:in `printBulletPoints'
  app/controllers/bs_generator_controller.rb:111:in `get_pdf'
  app/controllers/bs_generator_controller.rb:107:in `get_pdf'

Rendered /var/lib/gems/1.8/gems/actionpack-3.0.7/lib/action_dispatch/middleware/templates/rescues/_trace.erb (0.8ms)
Rendered /var/lib/gems/1.8/gems/actionpack-3.0.7/lib/action_dispatch/middleware/templates/rescues/_request_and_response.erb (3.2ms)
Rendered /var/lib/gems/1.8/gems/actionpack-3.0.7/lib/action_dispatch/middleware/templates/rescues/diagnostics.erb within rescues/layout (6.5ms)


Started GET "/bs_generator/get_pdf.pdf" for 127.0.0.1 at Mon Apr 25 01:25:09 -0400 2011
  Processing by BsGeneratorController#get_pdf as PDF
Completed   in 172ms

TypeError (can't convert Fixnum into String):
  app/controllers/bs_generator_controller.rb:49:in `+'
  app/controllers/bs_generator_controller.rb:49:in `printParagraph2'
  app/controllers/bs_generator_controller.rb:112:in `get_pdf'
  app/controllers/bs_generator_controller.rb:107:in `get_pdf'

Rendered /var/lib/gems/1.8/gems/actionpack-3.0.7/lib/action_dispatch/middleware/templates/rescues/_trace.erb (0.7ms)
Rendered /var/lib/gems/1.8/gems/actionpack-3.0.7/lib/action_dispatch/middleware/templates/rescues/_request_and_response.erb (3.4ms)
Rendered /var/lib/gems/1.8/gems/actionpack-3.0.7/lib/action_dispatch/middleware/templates/rescues/diagnostics.erb within rescues/layout (59.9ms)


Started GET "/bs_generator/get_pdf.pdf" for 127.0.0.1 at Mon Apr 25 01:26:30 -0400 2011
  Processing by BsGeneratorController#get_pdf as PDF
Completed   in 181ms

ActionView::MissingTemplate (Missing template bs_generator/get_pdf with {:locale=>[:en, :en], :handlers=>[:rxml, :erb, :rjs, :rhtml, :builder], :formats=>[:pdf]} in view paths "/home/jacob/Development/bsgenerator/app/views"):
  app/controllers/bs_generator_controller.rb:117:in `get_pdf'

Rendered /var/lib/gems/1.8/gems/actionpack-3.0.7/lib/action_dispatch/middleware/templates/rescues/missing_template.erb within rescues/layout (0.4ms)


Started GET "/bs_generator/get_pdf.pdf" for 127.0.0.1 at Mon Apr 25 01:26:32 -0400 2011
  Processing by BsGeneratorController#get_pdf as PDF
Completed   in 230ms

ActionView::MissingTemplate (Missing template bs_generator/get_pdf with {:locale=>[:en, :en], :handlers=>[:rxml, :erb, :rjs, :rhtml, :builder], :formats=>[:pdf]} in view paths "/home/jacob/Development/bsgenerator/app/views"):
  app/controllers/bs_generator_controller.rb:117:in `get_pdf'

Rendered /var/lib/gems/1.8/gems/actionpack-3.0.7/lib/action_dispatch/middleware/templates/rescues/missing_template.erb within rescues/layout (0.4ms)


Started GET "/bs_generator/get_pdf.pdf" for 127.0.0.1 at Mon Apr 25 01:26:51 -0400 2011
  Processing by BsGeneratorController#get_pdf as PDF
Completed   in 249ms

ActionView::MissingTemplate (Missing template bs_generator/get_pdf with {:locale=>[:en, :en], :handlers=>[:rxml, :erb, :rjs, :rhtml, :builder], :formats=>[:pdf]} in view paths "/home/jacob/Development/bsgenerator/app/views"):
  app/controllers/bs_generator_controller.rb:117:in `get_pdf'

Rendered /var/lib/gems/1.8/gems/actionpack-3.0.7/lib/action_dispatch/middleware/templates/rescues/missing_template.erb within rescues/layout (0.4ms)


Started GET "/bs_generator/get_pdf.pdf" for 127.0.0.1 at Mon Apr 25 01:26:52 -0400 2011
  Processing by BsGeneratorController#get_pdf as PDF
Completed   in 193ms

ActionView::MissingTemplate (Missing template bs_generator/get_pdf with {:locale=>[:en, :en], :handlers=>[:rxml, :erb, :rjs, :rhtml, :builder], :formats=>[:pdf]} in view paths "/home/jacob/Development/bsgenerator/app/views"):
  app/controllers/bs_generator_controller.rb:117:in `get_pdf'

Rendered /var/lib/gems/1.8/gems/actionpack-3.0.7/lib/action_dispatch/middleware/templates/rescues/missing_template.erb within rescues/layout (0.5ms)


Started GET "/bs_generator/get_pdf.pdf" for 127.0.0.1 at Mon Apr 25 01:26:53 -0400 2011
  Processing by BsGeneratorController#get_pdf as PDF
Completed   in 193ms

ActionView::MissingTemplate (Missing template bs_generator/get_pdf with {:locale=>[:en, :en], :handlers=>[:rxml, :erb, :rjs, :rhtml, :builder], :formats=>[:pdf]} in view paths "/home/jacob/Development/bsgenerator/app/views"):
  app/controllers/bs_generator_controller.rb:117:in `get_pdf'

Rendered /var/lib/gems/1.8/gems/actionpack-3.0.7/lib/action_dispatch/middleware/templates/rescues/missing_template.erb within rescues/layout (0.4ms)


Started GET "/bs_generator/get_pdf.pdf" for 127.0.0.1 at Mon Apr 25 01:26:59 -0400 2011
  Processing by BsGeneratorController#get_pdf as PDF
Completed   in 194ms

ActionView::MissingTemplate (Missing template bs_generator/get_pdf with {:locale=>[:en, :en], :handlers=>[:rxml, :erb, :rjs, :rhtml, :builder], :formats=>[:pdf]} in view paths "/home/jacob/Development/bsgenerator/app/views"):
  app/controllers/bs_generator_controller.rb:117:in `get_pdf'

Rendered /var/lib/gems/1.8/gems/actionpack-3.0.7/lib/action_dispatch/middleware/templates/rescues/missing_template.erb within rescues/layout (0.4ms)


Started GET "/bs_generator/get_pdf.pdf" for 127.0.0.1 at Mon Apr 25 01:30:15 -0400 2011
  Processing by BsGeneratorController#get_pdf as PDF
Completed   in 238ms

TypeError (can't convert Fixnum into String):
  app/controllers/bs_generator_controller.rb:49:in `+'
  app/controllers/bs_generator_controller.rb:49:in `printParagraph2'
  app/controllers/bs_generator_controller.rb:112:in `get_pdf'
  app/controllers/bs_generator_controller.rb:107:in `get_pdf'

Rendered /var/lib/gems/1.8/gems/actionpack-3.0.7/lib/action_dispatch/middleware/templates/rescues/_trace.erb (0.7ms)
Rendered /var/lib/gems/1.8/gems/actionpack-3.0.7/lib/action_dispatch/middleware/templates/rescues/_request_and_response.erb (3.1ms)
Rendered /var/lib/gems/1.8/gems/actionpack-3.0.7/lib/action_dispatch/middleware/templates/rescues/diagnostics.erb within rescues/layout (6.2ms)


Started GET "/bs_generator/get_pdf.pdf" for 127.0.0.1 at Mon Apr 25 01:30:20 -0400 2011
  Processing by BsGeneratorController#get_pdf as PDF
Completed   in 248ms

ActionView::MissingTemplate (Missing template bs_generator/get_pdf with {:locale=>[:en, :en], :handlers=>[:rxml, :erb, :rjs, :rhtml, :builder], :formats=>[:pdf]} in view paths "/home/jacob/Development/bsgenerator/app/views"):
  app/controllers/bs_generator_controller.rb:117:in `get_pdf'

Rendered /var/lib/gems/1.8/gems/actionpack-3.0.7/lib/action_dispatch/middleware/templates/rescues/missing_template.erb within rescues/layout (0.5ms)


Started GET "/bs_generator/get_pdf.pdf" for 127.0.0.1 at Mon Apr 25 01:30:21 -0400 2011
  Processing by BsGeneratorController#get_pdf as PDF
Completed   in 246ms

ActionView::MissingTemplate (Missing template bs_generator/get_pdf with {:locale=>[:en, :en], :handlers=>[:rxml, :erb, :rjs, :rhtml, :builder], :formats=>[:pdf]} in view paths "/home/jacob/Development/bsgenerator/app/views"):
  app/controllers/bs_generator_controller.rb:117:in `get_pdf'

Rendered /var/lib/gems/1.8/gems/actionpack-3.0.7/lib/action_dispatch/middleware/templates/rescues/missing_template.erb within rescues/layout (0.5ms)


Started GET "/bs_generator/get_pdf.pdf" for 127.0.0.1 at Mon Apr 25 01:30:22 -0400 2011
  Processing by BsGeneratorController#get_pdf as PDF
Completed   in 241ms

ActionView::MissingTemplate (Missing template bs_generator/get_pdf with {:locale=>[:en, :en], :handlers=>[:rxml, :erb, :rjs, :rhtml, :builder], :formats=>[:pdf]} in view paths "/home/jacob/Development/bsgenerator/app/views"):
  app/controllers/bs_generator_controller.rb:117:in `get_pdf'

Rendered /var/lib/gems/1.8/gems/actionpack-3.0.7/lib/action_dispatch/middleware/templates/rescues/missing_template.erb within rescues/layout (0.5ms)


Started GET "/bs_generator/get_pdf.pdf" for 127.0.0.1 at Mon Apr 25 01:31:26 -0400 2011
  Processing by BsGeneratorController#get_pdf as PDF
Completed   in 182ms

NoMethodError (undefined method `capitalize' for 3:Fixnum):
  app/controllers/bs_generator_controller.rb:78:in `printBulletPoints'
  app/controllers/bs_generator_controller.rb:77:in `each'
  app/controllers/bs_generator_controller.rb:77:in `printBulletPoints'
  app/controllers/bs_generator_controller.rb:111:in `get_pdf'
  app/controllers/bs_generator_controller.rb:107:in `get_pdf'

Rendered /var/lib/gems/1.8/gems/actionpack-3.0.7/lib/action_dispatch/middleware/templates/rescues/_trace.erb (0.7ms)
Rendered /var/lib/gems/1.8/gems/actionpack-3.0.7/lib/action_dispatch/middleware/templates/rescues/_request_and_response.erb (3.1ms)
Rendered /var/lib/gems/1.8/gems/actionpack-3.0.7/lib/action_dispatch/middleware/templates/rescues/diagnostics.erb within rescues/layout (6.2ms)


Started GET "/bs_generator/get_pdf.pdf" for 127.0.0.1 at Mon Apr 25 01:31:28 -0400 2011
  Processing by BsGeneratorController#get_pdf as PDF
Completed   in 250ms

ActionView::MissingTemplate (Missing template bs_generator/get_pdf with {:locale=>[:en, :en], :handlers=>[:rxml, :erb, :rjs, :rhtml, :builder], :formats=>[:pdf]} in view paths "/home/jacob/Development/bsgenerator/app/views"):
  app/controllers/bs_generator_controller.rb:117:in `get_pdf'

Rendered /var/lib/gems/1.8/gems/actionpack-3.0.7/lib/action_dispatch/middleware/templates/rescues/missing_template.erb within rescues/layout (0.4ms)


Started GET "/bs_generator/get_pdf.pdf" for 127.0.0.1 at Mon Apr 25 01:31:29 -0400 2011
  Processing by BsGeneratorController#get_pdf as PDF
Completed   in 244ms

ActionView::MissingTemplate (Missing template bs_generator/get_pdf with {:locale=>[:en, :en], :handlers=>[:rxml, :erb, :rjs, :rhtml, :builder], :formats=>[:pdf]} in view paths "/home/jacob/Development/bsgenerator/app/views"):
  app/controllers/bs_generator_controller.rb:117:in `get_pdf'

Rendered /var/lib/gems/1.8/gems/actionpack-3.0.7/lib/action_dispatch/middleware/templates/rescues/missing_template.erb within rescues/layout (0.4ms)


Started GET "/bs_generator/get_pdf" for 127.0.0.1 at Mon Apr 25 01:31:47 -0400 2011
  Processing by BsGeneratorController#get_pdf as HTML
Rendered bs_generator/get_pdf.html.erb within layouts/application (1.3ms)
Completed 200 OK in 250ms (Views: 4.1ms | ActiveRecord: 0.0ms)


Started GET "/bs_generator/get_pdf.pdf" for 127.0.0.1 at Mon Apr 25 01:31:52 -0400 2011
  Processing by BsGeneratorController#get_pdf as PDF
Completed   in 253ms

ActionView::MissingTemplate (Missing template bs_generator/get_pdf with {:locale=>[:en, :en], :handlers=>[:rxml, :erb, :rjs, :rhtml, :builder], :formats=>[:pdf]} in view paths "/home/jacob/Development/bsgenerator/app/views"):
  app/controllers/bs_generator_controller.rb:117:in `get_pdf'

Rendered /var/lib/gems/1.8/gems/actionpack-3.0.7/lib/action_dispatch/middleware/templates/rescues/missing_template.erb within rescues/layout (0.5ms)


Started GET "/bs_generator/get_pdf.pdf" for 127.0.0.1 at Mon Apr 25 01:32:50 -0400 2011
  Processing by BsGeneratorController#get_pdf as PDF
Completed   in 248ms

ActionView::MissingTemplate (Missing template bs_generator/get_pdf with {:locale=>[:en, :en], :handlers=>[:rxml, :erb, :rjs, :rhtml, :builder], :formats=>[:pdf]} in view paths "/home/jacob/Development/bsgenerator/app/views"):
  app/controllers/bs_generator_controller.rb:117:in `get_pdf'

Rendered /var/lib/gems/1.8/gems/actionpack-3.0.7/lib/action_dispatch/middleware/templates/rescues/missing_template.erb within rescues/layout (0.4ms)


Started GET "/bs_generator/get_pdf.pdf" for 127.0.0.1 at Mon Apr 25 01:32:51 -0400 2011
  Processing by BsGeneratorController#get_pdf as PDF
Completed   in 253ms

ActionView::MissingTemplate (Missing template bs_generator/get_pdf with {:locale=>[:en, :en], :handlers=>[:rxml, :erb, :rjs, :rhtml, :builder], :formats=>[:pdf]} in view paths "/home/jacob/Development/bsgenerator/app/views"):
  app/controllers/bs_generator_controller.rb:117:in `get_pdf'

Rendered /var/lib/gems/1.8/gems/actionpack-3.0.7/lib/action_dispatch/middleware/templates/rescues/missing_template.erb within rescues/layout (0.5ms)


Started GET "/bs_generator/get_pdf.pdf" for 127.0.0.1 at Mon Apr 25 01:33:44 -0400 2011
  Processing by BsGeneratorController#get_pdf as PDF
Completed   in 196ms

ActionView::MissingTemplate (Missing template bs_generator/get_pdf with {:locale=>[:en, :en], :handlers=>[:rxml, :erb, :rjs, :rhtml, :builder], :formats=>[:pdf]} in view paths "/home/jacob/Development/bsgenerator/app/views"):
  app/controllers/bs_generator_controller.rb:117:in `get_pdf'

Rendered /var/lib/gems/1.8/gems/actionpack-3.0.7/lib/action_dispatch/middleware/templates/rescues/missing_template.erb within rescues/layout (0.4ms)


Started GET "/bs_generator/get_pdf.pdf" for 127.0.0.1 at Mon Apr 25 01:33:46 -0400 2011
  Processing by BsGeneratorController#get_pdf as PDF
Completed   in 197ms

ActionView::MissingTemplate (Missing template bs_generator/get_pdf with {:locale=>[:en, :en], :handlers=>[:rxml, :erb, :rjs, :rhtml, :builder], :formats=>[:pdf]} in view paths "/home/jacob/Development/bsgenerator/app/views"):
  app/controllers/bs_generator_controller.rb:117:in `get_pdf'

Rendered /var/lib/gems/1.8/gems/actionpack-3.0.7/lib/action_dispatch/middleware/templates/rescues/missing_template.erb within rescues/layout (0.4ms)


Started GET "/bs_generator/get_pdf.pdf" for 127.0.0.1 at Mon Apr 25 01:33:47 -0400 2011
  Processing by BsGeneratorController#get_pdf as PDF
Completed   in 253ms

ActionView::MissingTemplate (Missing template bs_generator/get_pdf with {:locale=>[:en, :en], :handlers=>[:rxml, :erb, :rjs, :rhtml, :builder], :formats=>[:pdf]} in view paths "/home/jacob/Development/bsgenerator/app/views"):
  app/controllers/bs_generator_controller.rb:117:in `get_pdf'

Rendered /var/lib/gems/1.8/gems/actionpack-3.0.7/lib/action_dispatch/middleware/templates/rescues/missing_template.erb within rescues/layout (0.4ms)


Started GET "/bs_generator/get_pdf.pdf" for 127.0.0.1 at Mon Apr 25 01:33:59 -0400 2011
  Processing by BsGeneratorController#get_pdf as PDF
Rendered text template (0.0ms)
Sent data bs.pdf (1.4ms)
Completed 200 OK in 250ms (Views: 1.3ms | ActiveRecord: 0.0ms)


Started GET "/bs_generator/get_pdf.pdf" for 127.0.0.1 at Mon Apr 25 01:34:17 -0400 2011
  Processing by BsGeneratorController#get_pdf as PDF
Completed   in 251ms

ActionView::MissingTemplate (Missing template bs_generator/get_pdf with {:locale=>[:en, :en], :handlers=>[:rxml, :erb, :rjs, :rhtml, :builder], :formats=>[:pdf]} in view paths "/home/jacob/Development/bsgenerator/app/views"):
  app/controllers/bs_generator_controller.rb:117:in `get_pdf'

Rendered /var/lib/gems/1.8/gems/actionpack-3.0.7/lib/action_dispatch/middleware/templates/rescues/missing_template.erb within rescues/layout (0.5ms)


Started GET "/bs_generator/get_pdf.pdf" for 127.0.0.1 at Mon Apr 25 01:34:23 -0400 2011
  Processing by BsGeneratorController#get_pdf as PDF
Rendered text template (0.0ms)
Sent data bs.pdf (1.0ms)
Completed 200 OK in 255ms (Views: 0.9ms | ActiveRecord: 0.0ms)


Started GET "/bs_generator/get_pdf.pdf" for 127.0.0.1 at Mon Apr 25 01:34:46 -0400 2011
  Processing by BsGeneratorController#get_pdf as PDF
Completed   in 180ms

NoMethodError (undefined method `capitalize' for 3:Fixnum):
  app/controllers/bs_generator_controller.rb:78:in `printBulletPoints'
  app/controllers/bs_generator_controller.rb:77:in `each'
  app/controllers/bs_generator_controller.rb:77:in `printBulletPoints'
  app/controllers/bs_generator_controller.rb:111:in `get_pdf'
  app/controllers/bs_generator_controller.rb:107:in `get_pdf'

Rendered /var/lib/gems/1.8/gems/actionpack-3.0.7/lib/action_dispatch/middleware/templates/rescues/_trace.erb (0.8ms)
Rendered /var/lib/gems/1.8/gems/actionpack-3.0.7/lib/action_dispatch/middleware/templates/rescues/_request_and_response.erb (3.1ms)
Rendered /var/lib/gems/1.8/gems/actionpack-3.0.7/lib/action_dispatch/middleware/templates/rescues/diagnostics.erb within rescues/layout (6.4ms)


Started GET "/bs_generator/get_pdf.pdf" for 127.0.0.1 at Mon Apr 25 01:34:48 -0400 2011
  Processing by BsGeneratorController#get_pdf as PDF
Rendered text template (0.0ms)
Sent data bs.pdf (0.8ms)
Completed 200 OK in 252ms (Views: 0.7ms | ActiveRecord: 0.0ms)


Started GET "/bs_generator/get_pdf.pdf" for 127.0.0.1 at Mon Apr 25 01:36:01 -0400 2011
  Processing by BsGeneratorController#get_pdf as PDF
Completed   in 0ms

ArgumentError (wrong number of arguments (0 for 1)):
  app/controllers/bs_generator_controller.rb:107:in `generate'
  app/controllers/bs_generator_controller.rb:107:in `get_pdf'

Rendered /var/lib/gems/1.8/gems/actionpack-3.0.7/lib/action_dispatch/middleware/templates/rescues/_trace.erb (0.7ms)
Rendered /var/lib/gems/1.8/gems/actionpack-3.0.7/lib/action_dispatch/middleware/templates/rescues/_request_and_response.erb (2.9ms)
Rendered /var/lib/gems/1.8/gems/actionpack-3.0.7/lib/action_dispatch/middleware/templates/rescues/diagnostics.erb within rescues/layout (6.0ms)


Started GET "/bs_generator/get_pdf.pdf" for 127.0.0.1 at Mon Apr 25 01:36:03 -0400 2011
  Processing by BsGeneratorController#get_pdf as PDF
Completed   in 0ms

ArgumentError (wrong number of arguments (0 for 1)):
  app/controllers/bs_generator_controller.rb:107:in `generate'
  app/controllers/bs_generator_controller.rb:107:in `get_pdf'

Rendered /var/lib/gems/1.8/gems/actionpack-3.0.7/lib/action_dispatch/middleware/templates/rescues/_trace.erb (0.8ms)
Rendered /var/lib/gems/1.8/gems/actionpack-3.0.7/lib/action_dispatch/middleware/templates/rescues/_request_and_response.erb (3.2ms)
Rendered /var/lib/gems/1.8/gems/actionpack-3.0.7/lib/action_dispatch/middleware/templates/rescues/diagnostics.erb within rescues/layout (6.7ms)


Started GET "/bs_generator/get_pdf.pdf" for 127.0.0.1 at Mon Apr 25 01:36:18 -0400 2011
  Processing by BsGeneratorController#get_pdf as PDF
Rendered text template (0.0ms)
Sent data bs.pdf (1.1ms)
Completed 200 OK in 192ms (Views: 0.9ms | ActiveRecord: 0.0ms)


Started GET "/bs_generator/get_pdf.pdf" for 127.0.0.1 at Mon Apr 25 01:37:45 -0400 2011

SyntaxError (/home/jacob/Development/bsgenerator/app/controllers/bs_generator_controller.rb:123: syntax error, unexpected $end, expecting kEND):
  

Rendered /var/lib/gems/1.8/gems/actionpack-3.0.7/lib/action_dispatch/middleware/templates/rescues/_trace.erb (0.9ms)
Rendered /var/lib/gems/1.8/gems/actionpack-3.0.7/lib/action_dispatch/middleware/templates/rescues/_request_and_response.erb (1.4ms)
Rendered /var/lib/gems/1.8/gems/actionpack-3.0.7/lib/action_dispatch/middleware/templates/rescues/diagnostics.erb within rescues/layout (4.9ms)


Started GET "/bs_generator/get_pdf.pdf" for 127.0.0.1 at Mon Apr 25 01:38:09 -0400 2011
  Processing by BsGeneratorController#get_pdf as PDF
Completed   in 169ms

TypeError (can't convert Fixnum into String):
  app/controllers/bs_generator_controller.rb:39:in `+'
  app/controllers/bs_generator_controller.rb:39:in `printParagraph1'
  app/controllers/bs_generator_controller.rb:110:in `get_pdf'
  app/controllers/bs_generator_controller.rb:107:in `get_pdf'

Rendered /var/lib/gems/1.8/gems/actionpack-3.0.7/lib/action_dispatch/middleware/templates/rescues/_trace.erb (0.7ms)
Rendered /var/lib/gems/1.8/gems/actionpack-3.0.7/lib/action_dispatch/middleware/templates/rescues/_request_and_response.erb (3.3ms)
Rendered /var/lib/gems/1.8/gems/actionpack-3.0.7/lib/action_dispatch/middleware/templates/rescues/diagnostics.erb within rescues/layout (6.4ms)


Started GET "/bs_generator/get_pdf.pdf" for 127.0.0.1 at Mon Apr 25 01:38:11 -0400 2011
  Processing by BsGeneratorController#get_pdf as PDF
Completed   in 224ms

NoMethodError (undefined method `capitalize' for 3:Fixnum):
  app/controllers/bs_generator_controller.rb:78:in `printBulletPoints'
  app/controllers/bs_generator_controller.rb:77:in `each'
  app/controllers/bs_generator_controller.rb:77:in `printBulletPoints'
  app/controllers/bs_generator_controller.rb:111:in `get_pdf'
  app/controllers/bs_generator_controller.rb:107:in `get_pdf'

Rendered /var/lib/gems/1.8/gems/actionpack-3.0.7/lib/action_dispatch/middleware/templates/rescues/_trace.erb (0.7ms)
Rendered /var/lib/gems/1.8/gems/actionpack-3.0.7/lib/action_dispatch/middleware/templates/rescues/_request_and_response.erb (3.1ms)
Rendered /var/lib/gems/1.8/gems/actionpack-3.0.7/lib/action_dispatch/middleware/templates/rescues/diagnostics.erb within rescues/layout (6.2ms)


Started GET "/bs_generator/get_pdf.pdf" for 127.0.0.1 at Mon Apr 25 01:38:12 -0400 2011
  Processing by BsGeneratorController#get_pdf as PDF
Completed   in 235ms

TypeError (can't convert Fixnum into String):
  app/controllers/bs_generator_controller.rb:49:in `+'
  app/controllers/bs_generator_controller.rb:49:in `printParagraph2'
  app/controllers/bs_generator_controller.rb:112:in `get_pdf'
  app/controllers/bs_generator_controller.rb:107:in `get_pdf'

Rendered /var/lib/gems/1.8/gems/actionpack-3.0.7/lib/action_dispatch/middleware/templates/rescues/_trace.erb (0.8ms)
Rendered /var/lib/gems/1.8/gems/actionpack-3.0.7/lib/action_dispatch/middleware/templates/rescues/_request_and_response.erb (3.2ms)
Rendered /var/lib/gems/1.8/gems/actionpack-3.0.7/lib/action_dispatch/middleware/templates/rescues/diagnostics.erb within rescues/layout (6.4ms)


Started GET "/bs_generator/get_pdf.pdf" for 127.0.0.1 at Mon Apr 25 01:38:13 -0400 2011
  Processing by BsGeneratorController#get_pdf as PDF
Rendered text template (0.0ms)
Sent data bs.pdf (1.0ms)
Completed 200 OK in 246ms (Views: 0.8ms | ActiveRecord: 0.0ms)


Started GET "/bs_generator/get_pdf.pdf" for 127.0.0.1 at Mon Apr 25 01:38:25 -0400 2011
  Processing by BsGeneratorController#get_pdf as PDF
Completed   in 170ms

TypeError (can't convert Fixnum into String):
  app/controllers/bs_generator_controller.rb:39:in `+'
  app/controllers/bs_generator_controller.rb:39:in `printParagraph1'
  app/controllers/bs_generator_controller.rb:110:in `get_pdf'
  app/controllers/bs_generator_controller.rb:107:in `get_pdf'

Rendered /var/lib/gems/1.8/gems/actionpack-3.0.7/lib/action_dispatch/middleware/templates/rescues/_trace.erb (0.9ms)
Rendered /var/lib/gems/1.8/gems/actionpack-3.0.7/lib/action_dispatch/middleware/templates/rescues/_request_and_response.erb (3.3ms)
Rendered /var/lib/gems/1.8/gems/actionpack-3.0.7/lib/action_dispatch/middleware/templates/rescues/diagnostics.erb within rescues/layout (6.7ms)


Started GET "/bs_generator/get_pdf.pdf" for 127.0.0.1 at Mon Apr 25 01:38:26 -0400 2011
  Processing by BsGeneratorController#get_pdf as PDF
Rendered text template (0.0ms)
Sent data bs.pdf (0.8ms)
Completed 200 OK in 250ms (Views: 0.7ms | ActiveRecord: 0.0ms)


Started GET "/bs_generator/get_pdf.pdf" for 127.0.0.1 at Mon Apr 25 01:39:05 -0400 2011
  Processing by BsGeneratorController#get_pdf as PDF
Rendered text template (0.0ms)
Sent data bs.pdf (0.9ms)
Completed 200 OK in 245ms (Views: 0.8ms | ActiveRecord: 0.0ms)


Started GET "/bs_generator/get_pdf.pdf" for 127.0.0.1 at Mon Apr 25 01:39:10 -0400 2011
  Processing by BsGeneratorController#get_pdf as PDF
Rendered text template (0.0ms)
Sent data bs.pdf (1.0ms)
Completed 200 OK in 251ms (Views: 0.8ms | ActiveRecord: 0.0ms)


Started GET "/bs_generator/get_pdf.pdf" for 127.0.0.1 at Mon Apr 25 01:40:11 -0400 2011
  Processing by BsGeneratorController#get_pdf as PDF
Rendered text template (0.0ms)
Sent data bs.pdf (0.8ms)
Completed 200 OK in 197ms (Views: 0.7ms | ActiveRecord: 0.0ms)


Started GET "/bs_generator/get_pdf.pdf" for 127.0.0.1 at Mon Apr 25 01:40:24 -0400 2011
  Processing by BsGeneratorController#get_pdf as PDF
Completed   in 250ms

ActionView::MissingTemplate (Missing template bs_generator/get_pdf with {:locale=>[:en, :en], :handlers=>[:rxml, :erb, :rjs, :rhtml, :builder], :formats=>[:pdf]} in view paths "/home/jacob/Development/bsgenerator/app/views"):
  app/controllers/bs_generator_controller.rb:117:in `get_pdf'

Rendered /var/lib/gems/1.8/gems/actionpack-3.0.7/lib/action_dispatch/middleware/templates/rescues/missing_template.erb within rescues/layout (0.5ms)


Started GET "/bs_generator/get_pdf" for 127.0.0.1 at Mon Apr 25 01:41:20 -0400 2011
  Processing by BsGeneratorController#get_pdf as HTML
Completed 406 Not Acceptable in 247ms


Started GET "/bs_generator/get_pdf.pdf" for 127.0.0.1 at Mon Apr 25 01:41:22 -0400 2011
  Processing by BsGeneratorController#get_pdf as PDF
Rendered text template (0.0ms)
Sent data bs.pdf (1.0ms)
Completed 200 OK in 247ms (Views: 0.8ms | ActiveRecord: 0.0ms)


Started GET "/bs_generator/get_pdf" for 127.0.0.1 at Mon Apr 25 01:42:56 -0400 2011
  Processing by BsGeneratorController#get_pdf as HTML
Rendered bs_generator/get_pdf.html.erb within layouts/application (1.3ms)
Completed 200 OK in 254ms (Views: 61.7ms | ActiveRecord: 0.0ms)


Started GET "/bs_generator/get_pdf.pdf" for 127.0.0.1 at Mon Apr 25 01:42:59 -0400 2011
  Processing by BsGeneratorController#get_pdf as PDF
Completed   in 251ms

ActionView::MissingTemplate (Missing template bs_generator/get_pdf with {:locale=>[:en, :en], :handlers=>[:rxml, :erb, :rjs, :rhtml, :builder], :formats=>[:pdf]} in view paths "/home/jacob/Development/bsgenerator/app/views"):
  

Rendered /var/lib/gems/1.8/gems/actionpack-3.0.7/lib/action_dispatch/middleware/templates/rescues/missing_template.erb within rescues/layout (0.5ms)


Started GET "/bs_generator/get_pdf.pdf" for 127.0.0.1 at Mon Apr 25 01:43:02 -0400 2011
  Processing by BsGeneratorController#get_pdf as PDF
Completed   in 183ms

NoMethodError (undefined method `capitalize' for 3:Fixnum):
  app/controllers/bs_generator_controller.rb:78:in `printBulletPoints'
  app/controllers/bs_generator_controller.rb:77:in `each'
  app/controllers/bs_generator_controller.rb:77:in `printBulletPoints'
  app/controllers/bs_generator_controller.rb:111:in `get_pdf'
  app/controllers/bs_generator_controller.rb:107:in `get_pdf'

Rendered /var/lib/gems/1.8/gems/actionpack-3.0.7/lib/action_dispatch/middleware/templates/rescues/_trace.erb (0.7ms)
Rendered /var/lib/gems/1.8/gems/actionpack-3.0.7/lib/action_dispatch/middleware/templates/rescues/_request_and_response.erb (3.0ms)
Rendered /var/lib/gems/1.8/gems/actionpack-3.0.7/lib/action_dispatch/middleware/templates/rescues/diagnostics.erb within rescues/layout (6.1ms)


Started GET "/bs_generator/get_pdf.pdf" for 127.0.0.1 at Mon Apr 25 01:43:03 -0400 2011
  Processing by BsGeneratorController#get_pdf as PDF
Completed   in 197ms

ActionView::MissingTemplate (Missing template bs_generator/get_pdf with {:locale=>[:en, :en], :handlers=>[:rxml, :erb, :rjs, :rhtml, :builder], :formats=>[:pdf]} in view paths "/home/jacob/Development/bsgenerator/app/views"):
  

Rendered /var/lib/gems/1.8/gems/actionpack-3.0.7/lib/action_dispatch/middleware/templates/rescues/missing_template.erb within rescues/layout (0.4ms)


Started GET "/bs_generator/get_pdf.pdf" for 127.0.0.1 at Mon Apr 25 01:43:04 -0400 2011
  Processing by BsGeneratorController#get_pdf as PDF
Completed   in 235ms

TypeError (can't convert Fixnum into String):
  app/controllers/bs_generator_controller.rb:49:in `+'
  app/controllers/bs_generator_controller.rb:49:in `printParagraph2'
  app/controllers/bs_generator_controller.rb:112:in `get_pdf'
  app/controllers/bs_generator_controller.rb:107:in `get_pdf'

Rendered /var/lib/gems/1.8/gems/actionpack-3.0.7/lib/action_dispatch/middleware/templates/rescues/_trace.erb (0.7ms)
Rendered /var/lib/gems/1.8/gems/actionpack-3.0.7/lib/action_dispatch/middleware/templates/rescues/_request_and_response.erb (3.1ms)
Rendered /var/lib/gems/1.8/gems/actionpack-3.0.7/lib/action_dispatch/middleware/templates/rescues/diagnostics.erb within rescues/layout (6.2ms)


Started GET "/bs_generator/get_pdf.pdf" for 127.0.0.1 at Mon Apr 25 01:47:14 -0400 2011
  Processing by BsGeneratorController#get_pdf as PDF
Sent file #<File:0x7f72d393df80> (0.1ms)
Completed   in 247ms

IOError (closed stream):
  app/controllers/bs_generator_controller.rb:119:in `get_pdf'
  app/controllers/bs_generator_controller.rb:117:in `get_pdf'

Rendered /var/lib/gems/1.8/gems/actionpack-3.0.7/lib/action_dispatch/middleware/templates/rescues/_trace.erb (0.8ms)
Rendered /var/lib/gems/1.8/gems/actionpack-3.0.7/lib/action_dispatch/middleware/templates/rescues/_request_and_response.erb (3.2ms)
Rendered /var/lib/gems/1.8/gems/actionpack-3.0.7/lib/action_dispatch/middleware/templates/rescues/diagnostics.erb within rescues/layout (6.4ms)


Started GET "/bs_generator/get_pdf.pdf" for 127.0.0.1 at Mon Apr 25 01:47:17 -0400 2011
  Processing by BsGeneratorController#get_pdf as PDF
Completed   in 233ms

NoMethodError (undefined method `capitalize' for 3:Fixnum):
  app/controllers/bs_generator_controller.rb:78:in `printBulletPoints'
  app/controllers/bs_generator_controller.rb:77:in `each'
  app/controllers/bs_generator_controller.rb:77:in `printBulletPoints'
  app/controllers/bs_generator_controller.rb:111:in `get_pdf'
  app/controllers/bs_generator_controller.rb:107:in `get_pdf'

Rendered /var/lib/gems/1.8/gems/actionpack-3.0.7/lib/action_dispatch/middleware/templates/rescues/_trace.erb (0.8ms)
Rendered /var/lib/gems/1.8/gems/actionpack-3.0.7/lib/action_dispatch/middleware/templates/rescues/_request_and_response.erb (3.3ms)
Rendered /var/lib/gems/1.8/gems/actionpack-3.0.7/lib/action_dispatch/middleware/templates/rescues/diagnostics.erb within rescues/layout (6.5ms)


Started GET "/bs_generator/get_pdf.pdf" for 127.0.0.1 at Mon Apr 25 01:47:18 -0400 2011
  Processing by BsGeneratorController#get_pdf as PDF
Sent file #<File:0x7f72d3b88380> (0.1ms)
Completed   in 249ms

IOError (closed stream):
  app/controllers/bs_generator_controller.rb:119:in `get_pdf'
  app/controllers/bs_generator_controller.rb:117:in `get_pdf'

Rendered /var/lib/gems/1.8/gems/actionpack-3.0.7/lib/action_dispatch/middleware/templates/rescues/_trace.erb (0.8ms)
Rendered /var/lib/gems/1.8/gems/actionpack-3.0.7/lib/action_dispatch/middleware/templates/rescues/_request_and_response.erb (3.4ms)
Rendered /var/lib/gems/1.8/gems/actionpack-3.0.7/lib/action_dispatch/middleware/templates/rescues/diagnostics.erb within rescues/layout (6.7ms)


Started GET "/bs_generator/get_pdf.pdf" for 127.0.0.1 at Mon Apr 25 01:47:40 -0400 2011
  Processing by BsGeneratorController#get_pdf as PDF
Completed   in 184ms

TypeError (can't convert Fixnum into String):
  app/controllers/bs_generator_controller.rb:49:in `+'
  app/controllers/bs_generator_controller.rb:49:in `printParagraph2'
  app/controllers/bs_generator_controller.rb:112:in `get_pdf'
  app/controllers/bs_generator_controller.rb:107:in `get_pdf'

Rendered /var/lib/gems/1.8/gems/actionpack-3.0.7/lib/action_dispatch/middleware/templates/rescues/_trace.erb (0.7ms)
Rendered /var/lib/gems/1.8/gems/actionpack-3.0.7/lib/action_dispatch/middleware/templates/rescues/_request_and_response.erb (54.9ms)
Rendered /var/lib/gems/1.8/gems/actionpack-3.0.7/lib/action_dispatch/middleware/templates/rescues/diagnostics.erb within rescues/layout (58.1ms)


Started GET "/bs_generator/get_pdf.pdf" for 127.0.0.1 at Mon Apr 25 01:47:41 -0400 2011
  Processing by BsGeneratorController#get_pdf as PDF
Rendered text template (0.0ms)
Sent data bs.pdf (0.9ms)
Completed 200 OK in 194ms (Views: 0.8ms | ActiveRecord: 0.0ms)


Started GET "/bs_generator/get_pdf.pdf" for 127.0.0.1 at Mon Apr 25 01:48:48 -0400 2011

SyntaxError (/home/jacob/Development/bsgenerator/app/controllers/bs_generator_controller.rb:121: syntax error, unexpected tASSOC, expecting kEND
                          :disposition => "inline"
                                         ^):
  

Rendered /var/lib/gems/1.8/gems/actionpack-3.0.7/lib/action_dispatch/middleware/templates/rescues/_trace.erb (0.7ms)
Rendered /var/lib/gems/1.8/gems/actionpack-3.0.7/lib/action_dispatch/middleware/templates/rescues/_request_and_response.erb (1.3ms)
Rendered /var/lib/gems/1.8/gems/actionpack-3.0.7/lib/action_dispatch/middleware/templates/rescues/diagnostics.erb within rescues/layout (4.4ms)


Started GET "/bs_generator/get_pdf.pdf" for 127.0.0.1 at Mon Apr 25 01:48:50 -0400 2011

SyntaxError (/home/jacob/Development/bsgenerator/app/controllers/bs_generator_controller.rb:121: syntax error, unexpected tASSOC, expecting kEND
                          :disposition => "inline"
                                         ^):
  

Rendered /var/lib/gems/1.8/gems/actionpack-3.0.7/lib/action_dispatch/middleware/templates/rescues/_trace.erb (0.9ms)
Rendered /var/lib/gems/1.8/gems/actionpack-3.0.7/lib/action_dispatch/middleware/templates/rescues/_request_and_response.erb (1.6ms)
Rendered /var/lib/gems/1.8/gems/actionpack-3.0.7/lib/action_dispatch/middleware/templates/rescues/diagnostics.erb within rescues/layout (5.2ms)


Started GET "/bs_generator/get_pdf.pdf" for 127.0.0.1 at Mon Apr 25 01:48:51 -0400 2011

SyntaxError (/home/jacob/Development/bsgenerator/app/controllers/bs_generator_controller.rb:121: syntax error, unexpected tASSOC, expecting kEND
                          :disposition => "inline"
                                         ^):
  

Rendered /var/lib/gems/1.8/gems/actionpack-3.0.7/lib/action_dispatch/middleware/templates/rescues/_trace.erb (0.8ms)
Rendered /var/lib/gems/1.8/gems/actionpack-3.0.7/lib/action_dispatch/middleware/templates/rescues/_request_and_response.erb (1.6ms)
Rendered /var/lib/gems/1.8/gems/actionpack-3.0.7/lib/action_dispatch/middleware/templates/rescues/diagnostics.erb within rescues/layout (4.9ms)


Started GET "/bs_generator/get_pdf.pdf" for 127.0.0.1 at Mon Apr 25 01:48:58 -0400 2011

SyntaxError (/home/jacob/Development/bsgenerator/app/controllers/bs_generator_controller.rb:121: syntax error, unexpected tASSOC, expecting kEND
                          :disposition => "inline"
                                         ^):
  

Rendered /var/lib/gems/1.8/gems/actionpack-3.0.7/lib/action_dispatch/middleware/templates/rescues/_trace.erb (0.7ms)
Rendered /var/lib/gems/1.8/gems/actionpack-3.0.7/lib/action_dispatch/middleware/templates/rescues/_request_and_response.erb (1.4ms)
Rendered /var/lib/gems/1.8/gems/actionpack-3.0.7/lib/action_dispatch/middleware/templates/rescues/diagnostics.erb within rescues/layout (4.5ms)


Started GET "/bs_generator/get_pdf.pdf" for 127.0.0.1 at Mon Apr 25 01:48:59 -0400 2011

SyntaxError (/home/jacob/Development/bsgenerator/app/controllers/bs_generator_controller.rb:121: syntax error, unexpected tASSOC, expecting kEND
                          :disposition => "inline"
                                         ^):
  

Rendered /var/lib/gems/1.8/gems/actionpack-3.0.7/lib/action_dispatch/middleware/templates/rescues/_trace.erb (0.7ms)
Rendered /var/lib/gems/1.8/gems/actionpack-3.0.7/lib/action_dispatch/middleware/templates/rescues/_request_and_response.erb (1.4ms)
Rendered /var/lib/gems/1.8/gems/actionpack-3.0.7/lib/action_dispatch/middleware/templates/rescues/diagnostics.erb within rescues/layout (4.5ms)


Started GET "/bs_generator/get_pdf.pdf" for 127.0.0.1 at Mon Apr 25 01:49:10 -0400 2011
  Processing by BsGeneratorController#get_pdf as PDF
Rendered text template (0.0ms)
Sent data bs.pdf (0.9ms)
Completed 200 OK in 240ms (Views: 0.8ms | ActiveRecord: 0.0ms)


Started GET "/bs_generator/get_pdf.pdf" for 127.0.0.1 at Mon Apr 25 01:49:35 -0400 2011
  Processing by BsGeneratorController#get_pdf as PDF
Completed   in 250ms

ActionView::MissingTemplate (Missing template bs_generator/get_pdf with {:locale=>[:en, :en], :handlers=>[:rxml, :erb, :rjs, :rhtml, :builder], :formats=>[:pdf]} in view paths "/home/jacob/Development/bsgenerator/app/views"):
  app/controllers/bs_generator_controller.rb:117:in `get_pdf'

Rendered /var/lib/gems/1.8/gems/actionpack-3.0.7/lib/action_dispatch/middleware/templates/rescues/missing_template.erb within rescues/layout (0.4ms)


Started GET "/bs_generator/get_pdf.pdf" for 127.0.0.1 at Mon Apr 25 01:49:44 -0400 2011
  Processing by BsGeneratorController#get_pdf as PDF
Rendered text template (0.0ms)
Sent data bs.pdf (1.0ms)
Completed 200 OK in 196ms (Views: 0.9ms | ActiveRecord: 0.0ms)


Started GET "/bs_generator/get_pdf.pdf" for 127.0.0.1 at Mon Apr 25 01:51:10 -0400 2011
  Processing by BsGeneratorController#get_pdf as PDF
Rendered text template (0.0ms)
Sent data bs.pdf (0.9ms)
Completed 200 OK in 196ms (Views: 0.7ms | ActiveRecord: 0.0ms)


Started GET "/bs_generator/get_pdf.pdf" for 127.0.0.1 at Mon Apr 25 01:51:37 -0400 2011
  Processing by BsGeneratorController#get_pdf as PDF
Rendered text template (0.0ms)
Sent data bs.pdf (1.0ms)
Completed 200 OK in 247ms (Views: 0.8ms | ActiveRecord: 0.0ms)


Started GET "/bs_generator/get_pdf.pdf" for 127.0.0.1 at Mon Apr 25 01:53:50 -0400 2011
  Processing by BsGeneratorController#get_pdf as PDF
Rendered text template (0.0ms)
Sent data bs.pdf (1.1ms)
Completed 200 OK in 250ms (Views: 0.9ms | ActiveRecord: 0.0ms)


Started GET "/bs_generator/get_pdf.pdf" for 127.0.0.1 at Mon Apr 25 01:55:01 -0400 2011
  Processing by BsGeneratorController#get_pdf as PDF
Completed   in 181ms

NoMethodError (undefined method `capitalize' for 3:Fixnum):
  app/controllers/bs_generator_controller.rb:78:in `printBulletPoints'
  app/controllers/bs_generator_controller.rb:77:in `each'
  app/controllers/bs_generator_controller.rb:77:in `printBulletPoints'
  app/controllers/bs_generator_controller.rb:111:in `get_pdf'
  app/controllers/bs_generator_controller.rb:107:in `get_pdf'

Rendered /var/lib/gems/1.8/gems/actionpack-3.0.7/lib/action_dispatch/middleware/templates/rescues/_trace.erb (0.9ms)
Rendered /var/lib/gems/1.8/gems/actionpack-3.0.7/lib/action_dispatch/middleware/templates/rescues/_request_and_response.erb (59.7ms)
Rendered /var/lib/gems/1.8/gems/actionpack-3.0.7/lib/action_dispatch/middleware/templates/rescues/diagnostics.erb within rescues/layout (63.3ms)


Started GET "/bs_generator/get_pdf.pdf" for 127.0.0.1 at Mon Apr 25 01:55:04 -0400 2011
  Processing by BsGeneratorController#get_pdf as PDF
Completed   in 181ms

NoMethodError (undefined method `capitalize' for 3:Fixnum):
  app/controllers/bs_generator_controller.rb:78:in `printBulletPoints'
  app/controllers/bs_generator_controller.rb:77:in `each'
  app/controllers/bs_generator_controller.rb:77:in `printBulletPoints'
  app/controllers/bs_generator_controller.rb:111:in `get_pdf'
  app/controllers/bs_generator_controller.rb:107:in `get_pdf'

Rendered /var/lib/gems/1.8/gems/actionpack-3.0.7/lib/action_dispatch/middleware/templates/rescues/_trace.erb (0.8ms)
Rendered /var/lib/gems/1.8/gems/actionpack-3.0.7/lib/action_dispatch/middleware/templates/rescues/_request_and_response.erb (3.2ms)
Rendered /var/lib/gems/1.8/gems/actionpack-3.0.7/lib/action_dispatch/middleware/templates/rescues/diagnostics.erb within rescues/layout (6.6ms)


Started GET "/bs_generator/get_pdf.pdf" for 127.0.0.1 at Mon Apr 25 01:55:08 -0400 2011
  Processing by BsGeneratorController#get_pdf as PDF
Rendered text template (0.0ms)
Sent data bs.pdf (0.8ms)
Completed 200 OK in 242ms (Views: 0.7ms | ActiveRecord: 0.0ms)


Started GET "/bs_generator/get_pdf.pdf" for 127.0.0.1 at Mon Apr 25 01:57:59 -0400 2011
  Processing by BsGeneratorController#get_pdf as PDF
Completed   in 1ms

NoMethodError (undefined method `capitalize' for 3:Fixnum):
  app/controllers/bs_generator_controller.rb:64:in `printHeading'
  app/controllers/bs_generator_controller.rb:109:in `get_pdf'
  app/controllers/bs_generator_controller.rb:107:in `get_pdf'

Rendered /var/lib/gems/1.8/gems/actionpack-3.0.7/lib/action_dispatch/middleware/templates/rescues/_trace.erb (0.7ms)
Rendered /var/lib/gems/1.8/gems/actionpack-3.0.7/lib/action_dispatch/middleware/templates/rescues/_request_and_response.erb (3.0ms)
Rendered /var/lib/gems/1.8/gems/actionpack-3.0.7/lib/action_dispatch/middleware/templates/rescues/diagnostics.erb within rescues/layout (6.0ms)


Started GET "/bs_generator/get_pdf.pdf" for 127.0.0.1 at Mon Apr 25 01:58:00 -0400 2011
  Processing by BsGeneratorController#get_pdf as PDF
Rendered text template (0.0ms)
Sent data bs.pdf (0.8ms)
Completed 200 OK in 194ms (Views: 0.7ms | ActiveRecord: 0.0ms)


Started GET "/bs_generator/get_pdf.pdf" for 127.0.0.1 at Mon Apr 25 01:58:30 -0400 2011
  Processing by BsGeneratorController#get_pdf as PDF
Rendered text template (0.0ms)
Sent data bs.pdf (0.9ms)
Completed 200 OK in 136ms (Views: 0.8ms | ActiveRecord: 0.0ms)


Started GET "/bs_generator/get_pdf.pdf" for 127.0.0.1 at Mon Apr 25 01:58:31 -0400 2011
  Processing by BsGeneratorController#get_pdf as PDF
Rendered text template (0.0ms)
Sent data bs.pdf (1.1ms)
Completed 200 OK in 89ms (Views: 0.9ms | ActiveRecord: 0.0ms)


Started GET "/bs_generator/get_pdf.pdf" for 127.0.0.1 at Mon Apr 25 01:58:35 -0400 2011
  Processing by BsGeneratorController#get_pdf as PDF
Rendered text template (0.0ms)
Sent data bs.pdf (0.9ms)
Completed 200 OK in 88ms (Views: 0.8ms | ActiveRecord: 0.0ms)


Started GET "/bs_generator/get_pdf.pdf" for 127.0.0.1 at Mon Apr 25 02:03:06 -0400 2011
  Processing by BsGeneratorController#get_pdf as PDF
Rendered text template (0.0ms)
Sent data bs.pdf (0.8ms)
Completed 200 OK in 248ms (Views: 0.7ms | ActiveRecord: 0.0ms)


Started GET "/bs_generator/get_pdf.pdf" for 127.0.0.1 at Mon Apr 25 02:05:01 -0400 2011
  Processing by BsGeneratorController#get_pdf as PDF
Rendered text template (0.0ms)
Sent data bs.pdf (0.9ms)
Completed 200 OK in 245ms (Views: 0.8ms | ActiveRecord: 0.0ms)


Started GET "/bs_generator/get_pdf.pdf" for 127.0.0.1 at Mon Apr 25 02:11:20 -0400 2011
  Processing by BsGeneratorController#get_pdf as PDF
Completed   in 252ms

ActionView::MissingTemplate (Missing template bs_generator/get_pdf with {:locale=>[:en, :en], :handlers=>[:rxml, :erb, :rjs, :rhtml, :builder], :formats=>[:pdf]} in view paths "/home/jacob/Development/bsgenerator/app/views"):
  app/controllers/bs_generator_controller.rb:119:in `get_pdf'
  app/controllers/bs_generator_controller.rb:117:in `get_pdf'

Rendered /var/lib/gems/1.8/gems/actionpack-3.0.7/lib/action_dispatch/middleware/templates/rescues/missing_template.erb within rescues/layout (0.5ms)


Started GET "/bs_generator/get_pdf.pdf" for 127.0.0.1 at Mon Apr 25 02:11:21 -0400 2011
  Processing by BsGeneratorController#get_pdf as PDF
Completed   in 196ms

ActionView::MissingTemplate (Missing template bs_generator/get_pdf with {:locale=>[:en, :en], :handlers=>[:rxml, :erb, :rjs, :rhtml, :builder], :formats=>[:pdf]} in view paths "/home/jacob/Development/bsgenerator/app/views"):
  app/controllers/bs_generator_controller.rb:119:in `get_pdf'
  app/controllers/bs_generator_controller.rb:117:in `get_pdf'

Rendered /var/lib/gems/1.8/gems/actionpack-3.0.7/lib/action_dispatch/middleware/templates/rescues/missing_template.erb within rescues/layout (0.4ms)


Started GET "/bs_generator/get_pdf.pdf" for 127.0.0.1 at Mon Apr 25 02:11:23 -0400 2011
  Processing by BsGeneratorController#get_pdf as PDF
Completed   in 195ms

ActionView::MissingTemplate (Missing template bs_generator/get_pdf with {:locale=>[:en, :en], :handlers=>[:rxml, :erb, :rjs, :rhtml, :builder], :formats=>[:pdf]} in view paths "/home/jacob/Development/bsgenerator/app/views"):
  app/controllers/bs_generator_controller.rb:119:in `get_pdf'
  app/controllers/bs_generator_controller.rb:117:in `get_pdf'

Rendered /var/lib/gems/1.8/gems/actionpack-3.0.7/lib/action_dispatch/middleware/templates/rescues/missing_template.erb within rescues/layout (0.4ms)


Started GET "/bs_generator/get_pdf.pdf" for 127.0.0.1 at Mon Apr 25 02:11:24 -0400 2011
  Processing by BsGeneratorController#get_pdf as PDF
Completed   in 233ms

NoMethodError (undefined method `capitalize' for 3:Fixnum):
  app/controllers/bs_generator_controller.rb:78:in `printBulletPoints'
  app/controllers/bs_generator_controller.rb:77:in `each'
  app/controllers/bs_generator_controller.rb:77:in `printBulletPoints'
  app/controllers/bs_generator_controller.rb:111:in `get_pdf'
  app/controllers/bs_generator_controller.rb:107:in `get_pdf'

Rendered /var/lib/gems/1.8/gems/actionpack-3.0.7/lib/action_dispatch/middleware/templates/rescues/_trace.erb (0.8ms)
Rendered /var/lib/gems/1.8/gems/actionpack-3.0.7/lib/action_dispatch/middleware/templates/rescues/_request_and_response.erb (3.1ms)
Rendered /var/lib/gems/1.8/gems/actionpack-3.0.7/lib/action_dispatch/middleware/templates/rescues/diagnostics.erb within rescues/layout (6.2ms)


Started GET "/bs_generator/get_pdf.pdf" for 127.0.0.1 at Mon Apr 25 02:11:25 -0400 2011
  Processing by BsGeneratorController#get_pdf as PDF
Completed   in 249ms

ActionView::MissingTemplate (Missing template bs_generator/get_pdf with {:locale=>[:en, :en], :handlers=>[:rxml, :erb, :rjs, :rhtml, :builder], :formats=>[:pdf]} in view paths "/home/jacob/Development/bsgenerator/app/views"):
  app/controllers/bs_generator_controller.rb:119:in `get_pdf'
  app/controllers/bs_generator_controller.rb:117:in `get_pdf'

Rendered /var/lib/gems/1.8/gems/actionpack-3.0.7/lib/action_dispatch/middleware/templates/rescues/missing_template.erb within rescues/layout (0.4ms)


Started GET "/bs_generator/get_pdf.pdf" for 127.0.0.1 at Mon Apr 25 02:11:26 -0400 2011
  Processing by BsGeneratorController#get_pdf as PDF
Completed   in 233ms

NoMethodError (undefined method `capitalize' for 3:Fixnum):
  app/controllers/bs_generator_controller.rb:78:in `printBulletPoints'
  app/controllers/bs_generator_controller.rb:77:in `each'
  app/controllers/bs_generator_controller.rb:77:in `printBulletPoints'
  app/controllers/bs_generator_controller.rb:111:in `get_pdf'
  app/controllers/bs_generator_controller.rb:107:in `get_pdf'

Rendered /var/lib/gems/1.8/gems/actionpack-3.0.7/lib/action_dispatch/middleware/templates/rescues/_trace.erb (0.8ms)
Rendered /var/lib/gems/1.8/gems/actionpack-3.0.7/lib/action_dispatch/middleware/templates/rescues/_request_and_response.erb (3.5ms)
Rendered /var/lib/gems/1.8/gems/actionpack-3.0.7/lib/action_dispatch/middleware/templates/rescues/diagnostics.erb within rescues/layout (6.9ms)


Started GET "/bs_generator/get_pdf.pdf" for 127.0.0.1 at Mon Apr 25 02:11:27 -0400 2011
  Processing by BsGeneratorController#get_pdf as PDF
Completed   in 196ms

ActionView::MissingTemplate (Missing template bs_generator/get_pdf with {:locale=>[:en, :en], :handlers=>[:rxml, :erb, :rjs, :rhtml, :builder], :formats=>[:pdf]} in view paths "/home/jacob/Development/bsgenerator/app/views"):
  app/controllers/bs_generator_controller.rb:119:in `get_pdf'
  app/controllers/bs_generator_controller.rb:117:in `get_pdf'

Rendered /var/lib/gems/1.8/gems/actionpack-3.0.7/lib/action_dispatch/middleware/templates/rescues/missing_template.erb within rescues/layout (0.5ms)


Started GET "/bs_generator/get_pdf.pdf" for 127.0.0.1 at Mon Apr 25 02:11:28 -0400 2011
  Processing by BsGeneratorController#get_pdf as PDF
Completed   in 1ms

NoMethodError (undefined method `capitalize' for 3:Fixnum):
  app/controllers/bs_generator_controller.rb:64:in `printHeading'
  app/controllers/bs_generator_controller.rb:109:in `get_pdf'
  app/controllers/bs_generator_controller.rb:107:in `get_pdf'

Rendered /var/lib/gems/1.8/gems/actionpack-3.0.7/lib/action_dispatch/middleware/templates/rescues/_trace.erb (0.8ms)
Rendered /var/lib/gems/1.8/gems/actionpack-3.0.7/lib/action_dispatch/middleware/templates/rescues/_request_and_response.erb (3.6ms)
Rendered /var/lib/gems/1.8/gems/actionpack-3.0.7/lib/action_dispatch/middleware/templates/rescues/diagnostics.erb within rescues/layout (6.8ms)


Started GET "/bs_generator/get_pdf.pdf" for 127.0.0.1 at Mon Apr 25 02:11:28 -0400 2011
  Processing by BsGeneratorController#get_pdf as PDF
Completed   in 244ms

ActionView::MissingTemplate (Missing template bs_generator/get_pdf with {:locale=>[:en, :en], :handlers=>[:rxml, :erb, :rjs, :rhtml, :builder], :formats=>[:pdf]} in view paths "/home/jacob/Development/bsgenerator/app/views"):
  app/controllers/bs_generator_controller.rb:119:in `get_pdf'
  app/controllers/bs_generator_controller.rb:117:in `get_pdf'

Rendered /var/lib/gems/1.8/gems/actionpack-3.0.7/lib/action_dispatch/middleware/templates/rescues/missing_template.erb within rescues/layout (0.5ms)


Started GET "/bs_generator/get_pdf.pdf" for 127.0.0.1 at Mon Apr 25 02:11:54 -0400 2011
  Processing by BsGeneratorController#get_pdf as PDF
Rendered text template (0.0ms)
Sent data bs.pdf (0.8ms)
Completed 200 OK in 195ms (Views: 0.7ms | ActiveRecord: 0.0ms)


Started GET "/bs_generator/get_pdf.pdf" for 127.0.0.1 at Mon Apr 25 02:12:56 -0400 2011
  Processing by BsGeneratorController#get_pdf as PDF
Rendered text template (0.0ms)
Sent data bs.pdf (0.9ms)
Completed 200 OK in 194ms (Views: 0.7ms | ActiveRecord: 0.0ms)


Started GET "/bs_generator/get_pdf.pdf" for 127.0.0.1 at Mon Apr 25 02:30:57 -0400 2011
  Processing by BsGeneratorController#get_pdf as PDF
Rendered text template (0.0ms)
Sent data bs.pdf (0.8ms)
Completed 200 OK in 246ms (Views: 0.7ms | ActiveRecord: 0.0ms)
