Compiled jquery.js  (3ms)  (pid 5200)
Compiled jquery_ujs.js  (0ms)  (pid 5200)
Compiled words.js  (80ms)  (pid 5200)
Compiled application.js  (95ms)  (pid 5200)
Compiled scaffolds.css  (8ms)  (pid 5200)
Compiled words.css  (0ms)  (pid 5200)
Compiled application.css  (15ms)  (pid 5200)
Compiled jquery.js  (3ms)  (pid 4329)
Compiled jquery_ujs.js  (0ms)  (pid 4329)
Compiled words.js  (234ms)  (pid 4329)
Compiled application.js  (281ms)  (pid 4329)
Compiled scaffolds.css  (8ms)  (pid 4329)
Compiled words.css  (0ms)  (pid 4329)
Compiled application.css  (38ms)  (pid 4329)
Compiled application.js  (1ms)  (pid 9251)
Compiled jquery.js  (3ms)  (pid 9251)
Compiled jquery_ujs.js  (0ms)  (pid 9251)
Compiled words.js  (79ms)  (pid 9251)
Compiled application.css  (0ms)  (pid 9251)
Compiled scaffolds.css  (8ms)  (pid 9251)
Compiled words.css  (0ms)  (pid 9251)
Compiled application.js  (1ms)  (pid 8795)
Compiled jquery.js  (3ms)  (pid 8795)
Compiled jquery_ujs.js  (0ms)  (pid 8795)
Compiled words.js  (83ms)  (pid 8795)
Compiled application.css  (0ms)  (pid 8795)
Compiled scaffolds.css  (10ms)  (pid 8795)
Compiled words.css  (1ms)  (pid 8795)
